0 info it worked if it ends with ok
1 verbose cli [ 'C:\\Program Files\\nodejs\\node.exe',
1 verbose cli   'C:\\Program Files\\nodejs\\node_modules\\npm\\bin\\npm-cli.js',
1 verbose cli   'run',
1 verbose cli   'serve' ]
2 info using npm@3.9.5
3 info using node@v6.2.2
4 verbose run-script [ 'preserve', 'serve', 'postserve' ]
5 info lifecycle bilibili-helper-0.9-master@1.0.0~preserve: bilibili-helper-0.9-master@1.0.0
6 silly lifecycle bilibili-helper-0.9-master@1.0.0~preserve: no script for preserve, continuing
7 info lifecycle bilibili-helper-0.9-master@1.0.0~serve: bilibili-helper-0.9-master@1.0.0
8 verbose lifecycle bilibili-helper-0.9-master@1.0.0~serve: unsafe-perm in lifecycle true
9 verbose lifecycle bilibili-helper-0.9-master@1.0.0~serve: PATH: C:\Program Files\nodejs\node_modules\npm\bin\node-gyp-bin;C:\Users\Ruo\Documents\GitHub\bilibili-helper0.9\node_modules\.bin;C:\Program Files\nodejs;C:\Program Files\nodejs\node_modules\npm\bin\node-gyp-bin;C:\Users\Ruo\Documents\GitHub\bilibili-helper0.9\node_modules\.bin;C:\Program Files\nodejs;C:\Users\Ruo\bin;C:\Program Files\Git\mingw64\bin;C:\Program Files\Git\usr\local\bin;C:\Program Files\Git\usr\bin;C:\Program Files\Git\usr\bin;C:\Program Files\Git\mingw64\bin;C:\Program Files\Git\usr\bin;C:\Users\Ruo\bin;C:\Program Files (x86)\Common Files\Intel\Shared Libraries\redist\intel64\compiler;C:\ProgramData\Oracle\Java\javapath;C:\WINDOWS\system32;C:\WINDOWS;C:\WINDOWS\System32\Wbem;C:\WINDOWS\System32\WindowsPowerShell\v1.0;C:\Program Files (x86)\MacType;C:\Program Files\nodejs;C:\Program Files (x86)\GtkSharp\2.12\bin;E:\wamp\bin\php\php5.5.12;C:\ProgramData\ComposerSetup\bin;C:\Program Files\TortoiseSVN\bin;C:\Users\Ruo\AppData\Roaming\npm;C:\Users\Ruo\AppData\Roaming\Composer\vendor\bin;D:\Program Files (x86)\Microsoft VS Code\bin;C:\Program Files\Git\usr\bin\vendor_perl;C:\Program Files\Git\usr\bin\core_perl
10 verbose lifecycle bilibili-helper-0.9-master@1.0.0~serve: CWD: C:\Users\Ruo\Documents\GitHub\bilibili-helper0.9
11 silly lifecycle bilibili-helper-0.9-master@1.0.0~serve: Args: [ '/d /s /c', 'lite-server -c=bs-config.json' ]
12 silly lifecycle bilibili-helper-0.9-master@1.0.0~serve: Returned: code: 1073807364  signal: null
13 info lifecycle bilibili-helper-0.9-master@1.0.0~serve: Failed to exec serve script
14 verbose stack Error: bilibili-helper-0.9-master@1.0.0 serve: `lite-server -c=bs-config.json`
14 verbose stack Exit status 1073807364
14 verbose stack     at EventEmitter.<anonymous> (C:\Program Files\nodejs\node_modules\npm\lib\utils\lifecycle.js:245:16)
14 verbose stack     at emitTwo (events.js:106:13)
14 verbose stack     at EventEmitter.emit (events.js:191:7)
14 verbose stack     at ChildProcess.<anonymous> (C:\Program Files\nodejs\node_modules\npm\lib\utils\spawn.js:24:14)
14 verbose stack     at emitTwo (events.js:106:13)
14 verbose stack     at ChildProcess.emit (events.js:191:7)
14 verbose stack     at maybeClose (internal/child_process.js:852:16)
14 verbose stack     at Process.ChildProcess._handle.onexit (internal/child_process.js:215:5)
15 verbose pkgid bilibili-helper-0.9-master@1.0.0
16 verbose cwd C:\Users\Ruo\Documents\GitHub\bilibili-helper0.9
17 error Windows_NT 10.0.10586
18 error argv "C:\\Program Files\\nodejs\\node.exe" "C:\\Program Files\\nodejs\\node_modules\\npm\\bin\\npm-cli.js" "run" "serve"
19 error node v6.2.2
20 error npm  v3.9.5
21 error code ELIFECYCLE
22 error bilibili-helper-0.9-master@1.0.0 serve: `lite-server -c=bs-config.json`
22 error Exit status 1073807364
23 error Failed at the bilibili-helper-0.9-master@1.0.0 serve script 'lite-server -c=bs-config.json'.
23 error Make sure you have the latest version of node.js and npm installed.
23 error If you do, this is most likely a problem with the bilibili-helper-0.9-master package,
23 error not with npm itself.
23 error Tell the author that this fails on your system:
23 error     lite-server -c=bs-config.json
23 error You can get information on how to open an issue for this project with:
23 error     npm bugs bilibili-helper-0.9-master
23 error Or if that isn't available, you can get their info via:
23 error     npm owner ls bilibili-helper-0.9-master
23 error There is likely additional logging output above.
24 verbose exit [ 1, true ]
